<?xml version="1.0" encoding="UTF-8"?>
<!-- Generated by org.testng.reporters.JUnitReportReporter -->
<testsuite hostname="LAPTOP-6OACLVLF" failures="0" tests="1" name="com.LoginTestServices.AppLoginTest" time="1.261" errors="0" timestamp="2021-06-23T08:17:32 IST" skipped="0">
  <testcase classname="com.LoginTestServices.AppLoginTest" name="verifyTest" time="1.261"/>
  <system-out/>
</testsuite> <!-- com.LoginTestServices.AppLoginTest -->
