<?xml version="1.0" encoding="UTF-8"?>
<!-- Generated by org.testng.reporters.JUnitReportReporter -->
<testsuite hostname="LAPTOP-6OACLVLF" failures="0" tests="1" name="com.LoginTest.AppTest" time="0.007" errors="0" timestamp="2021-06-21T08:36:10 IST" skipped="0">
  <testcase classname="com.LoginTest.AppTest" name="verifyTest" time="0.007"/>
  <system-out/>
</testsuite> <!-- com.LoginTest.AppTest -->
